<?xml version="1.0" encoding="UTF-8"?>
<!-- Generated by org.testng.reporters.JUnitXMLReporter -->
<testsuite ignored="1" hostname="DESKTOP-042KE08" failures="0" tests="2" name="Animals" time="0.917" errors="0" timestamp="2023-08-11T14:40:30 IST">
  <testcase classname="testngs.Animals" name="test1" time="0.828"/>
  <testcase classname="testngs.Animals" name="test2" time="0.004"/>
  <testcase classname="testngs.Animals" name="test3" time="0.0">
    <ignored/>
  </testcase> <!-- test3 -->
</testsuite> <!-- Animals -->
